/bin/sh: 1: minio: not found
/bin/sh: 1: scrapy: not found
/bin/sh: 1: minio: not found
/bin/sh: 1: scrapy: not found
/bin/sh: 1: minio: not found
/bin/sh: 1: scrapy: not found
/bin/sh: 1: minio: not found
/bin/sh: 1: scrapy: not found
/bin/sh: 1: minio: not found
/bin/sh: 1: scrapy: not found
/bin/sh: 1: minio: not found
/bin/sh: 1: scrapy: not found
/bin/sh: 1: minio: not found
/bin/sh: 1: scrapy: not found
/bin/sh: 1: minio: not found
/bin/sh: 1: scrapy: not found
/bin/sh: 1: minio: not found
/bin/sh: 1: scrapy: not found
/bin/sh: 1: minio: not found
/bin/sh: 1: scrapy: not found
/bin/sh: 1: minio: not found
/bin/sh: 1: scrapy: not found
/bin/sh: 1: minio: not found
/bin/sh: 1: scrapy: not found
/bin/sh: 1: minio: not found
/bin/sh: 1: scrapy: not found
/bin/sh: 1: minio: not found
/bin/sh: 1: scrapy: not found
/bin/sh: 1: minio: not found
/bin/sh: 1: scrapy: not found
/bin/sh: 1: minio: not found
/bin/sh: 1: scrapy: not found
/bin/sh: 1: minio: not found
/bin/sh: 1: scrapy: not found
/bin/sh: 1: minio: not found
/bin/sh: 1: scrapy: not found
/bin/sh: 1: minio: not found
/bin/sh: 1: scrapy: not found
/bin/sh: 1: minio: not found
/bin/sh: 1: scrapy: not found
/bin/sh: 1: minio: not found
/bin/sh: 1: scrapy: not found
/bin/sh: 1: minio: not found
/bin/sh: 1: scrapy: not found
/bin/sh: 1: minio: not found
/bin/sh: 1: scrapy: not found
/bin/sh: 1: minio: not found
/bin/sh: 1: scrapy: not found
/bin/sh: 1: minio: not found
/bin/sh: 1: scrapy: not found
/bin/sh: 1: minio: not found
/bin/sh: 1: scrapy: not found
/bin/sh: 1: minio: not found
/bin/sh: 1: scrapy: not found
/bin/sh: 1: minio: not found
/bin/sh: 1: scrapy: not found
/bin/sh: 1: minio: not found
/bin/sh: 1: scrapy: not found
/bin/sh: 1: minio: not found
/bin/sh: 1: scrapy: not found
/bin/sh: 1: minio: not found
/bin/sh: 1: scrapy: not found
/bin/sh: 1: minio: not found
/bin/sh: 1: scrapy: not found
/bin/sh: 1: minio: not found
/bin/sh: 1: scrapy: not found
/bin/sh: 1: minio: not found
/bin/sh: 1: scrapy: not found
/bin/sh: 1: minio: not found
/bin/sh: 1: scrapy: not found
/bin/sh: 1: minio: not found
/bin/sh: 1: scrapy: not found
/bin/sh: 1: minio: not found
/bin/sh: 1: scrapy: not found
/bin/sh: 1: minio: not found
/bin/sh: 1: scrapy: not found
/bin/sh: 1: minio: not found
/bin/sh: 1: scrapy: not found
/bin/sh: 1: minio: not found
/bin/sh: 1: scrapy: not found
/bin/sh: 1: minio: not found
/bin/sh: 1: scrapy: not found
/bin/sh: 1: minio: not found
/bin/sh: 1: scrapy: not found
/bin/sh: 1: minio: not found
/bin/sh: 1: scrapy: not found
/bin/sh: 1: minio: not found
/bin/sh: 1: scrapy: not found
/bin/sh: 1: minio: not found
/bin/sh: 1: scrapy: not found
/bin/sh: 1: minio: not found
/bin/sh: 1: scrapy: not found
/bin/sh: 1: minio: not found
/bin/sh: 1: scrapy: not found
/bin/sh: 1: minio: not found
/bin/sh: 1: scrapy: not found
/bin/sh: 1: minio: not found
/bin/sh: 1: scrapy: not found
/bin/sh: 1: minio: not found
/bin/sh: 1: scrapy: not found
Estou aqui!
Estou aqui!
Estou aqui!
/bin/sh: 1: minio: not found
/bin/sh: 1: scrapy: not found
/bin/sh: 1: minio: not found
/bin/sh: 1: scrapy: not found
/bin/sh: 1: minio: not found
/bin/sh: 1: scrapy: not found
/bin/sh: 1: minio: not found
/bin/sh: 1: scrapy: not found
/bin/sh: 1: minio: not found
/bin/sh: 1: scrapy: not found
/bin/sh: 1: minio: not found
/bin/sh: 1: scrapy: not found
/bin/sh: 1: scrapy: not found
Oi
/bin/sh: 1: scrapy: not found
Oi
/bin/sh: 1: scrapy: not found
Oi
/bin/sh: 1: scrapy: not found
Oi
/bin/sh: 1: scrapy: not found
Oi
/bin/sh: 1: scrapy: not found
Oi
/bin/sh: 1: scrapy: not found
Oi
/bin/sh: 1: scrapy: not found
Oi
/bin/sh: 1: /root/ProjetoRedesEComunicacao1S2023/MinIO/WheyProtein/: Permission denied
Oi
/bin/sh: 1: scrapy: not found
Oi
/bin/sh: 1: scrapy: not found
Oi
/bin/sh: 1: scrapy: not found
Oi
/bin/sh: 1: scrapy: not found
Oi
/bin/sh: 1: scrapy: not found
Oi
/bin/sh: 1: scrapy: not found
Oi
/bin/sh: 1: scrapy: not found
Oi
/bin/sh: 1: scrapy: not found
Oi
/bin/sh: 1: scrapy: not found
Oi
/bin/sh: 1: scrapy: not found
Oi
/bin/sh: 1: scrapy: not found
Oi
/bin/sh: 1: scrapy: not found
Oi
/bin/sh: 1: scrapy: not found
Oi
/bin/sh: 1: scrapy: not found
Oi
